*** Using Compiler 'V5.06 update 5 (build 528)', folder: 'D:\51project\Keil_v5\ARM\ARMCC\Bin'
Build target 'Target 1'
compiling OLED.c...
..\MYFUNTIONS\OLED.h(9): warning:  #1-D: last line of file ends without a newline
  #endif
..\MYFUNTIONS\OLED.c(212): error:  #20: identifier "F6x8" is undefined
  					WriteDat(F6x8[c][i]);
..\MYFUNTIONS\OLED.c(229): error:  #20: identifier "F8X16" is undefined
  					WriteDat(F8X16[c*16+i]);
..\MYFUNTIONS\OLED.c(232): error:  #20: identifier "F8X16" is undefined
  					WriteDat(F8X16[c*16+i+8]);
..\MYFUNTIONS\OLED.c(253): error:  #20: identifier "F16x16" is undefined
  		WriteDat(F16x16[adder]);
..\MYFUNTIONS\OLED.c(259): error:  #20: identifier "F16x16" is undefined
  		WriteDat(F16x16[adder]);
..\MYFUNTIONS\OLED.c(299): error:  #20: identifier "OLED_GRAM" is undefined
  		if(t) OLED_GRAM[x][pos]|=temp;
..\MYFUNTIONS\OLED.c(300): error:  #20: identifier "OLED_GRAM" is undefined
  		else OLED_GRAM[x][pos]&=~temp;
..\MYFUNTIONS\OLED.c(301): warning:  #223-D: function "OLED_Refresh_Gram" declared implicitly
  		OLED_Refresh_Gram();	
..\MYFUNTIONS\OLED.c: 2 warnings, 7 errors
".\Objects\frist-project.axf" - 7 Error(s), 2 Warning(s).
Target not created.
Build Time Elapsed:  00:00:00
