*** Using Compiler 'V5.06 update 5 (build 528)', folder: 'D:\51project\Keil_v5\ARM\ARMCC\Bin'
Build target 'Target 1'
compiling SPI.c...
SPI.c(32): error:  #20: identifier "SPI_InitStructure" is undefined
  		SPI_InitStructure.SPI_Direction = SPI_Direction_2Lines_FullDuplex; //双线双向全双工
SPI.c(98): error:  #20: identifier "SPI_InitStructure" is undefined
  		SPI_InitStructure.SPI_BaudRatePrescaler = SpeedSet ;
SPI.c(103): warning:  #1-D: last line of file ends without a newline
  /******************************END OF INIT_SPI*****************************/
SPI.c: 1 warning, 2 errors
compiling SDuse.c...
SDuse.h(9): warning:  #1-D: last line of file ends without a newline
  #endif
SDuse.c(14): warning:  #223-D: function "SD_CS" declared implicitly
  		SD_CS(OFF);//片选SD，低电平使能
SDuse.c(14): error:  #20: identifier "OFF" is undefined
  		SD_CS(OFF);//片选SD，低电平使能
SDuse.c(17): warning:  #223-D: function "SD_SPI_ReadWriteByte" declared implicitly
  		if(SD_SPI_ReadWriteByte(0XFF)==0XFF)return 0;//OK
SDuse.c(20): warning:  #223-D: function "SD_DisSelect" declared implicitly
  		SD_DisSelect(); //释放总线
SDuse.c(33): warning:  #223-D: function "SD_SPI_ReadWriteByte" declared implicitly
  		while ((SD_SPI_ReadWriteByte(0XFF)!=0xFE)&&Count)Count--;//等待得到读取数据令牌0xfe
SDuse.c(34): error:  #20: identifier "MSD_RESPONSE_FAILURE" is undefined
  		if (Count==0) return MSD_RESPONSE_FAILURE;//获取令牌失败,返回0XFF
SDuse.c(41): warning:  #223-D: function "SD_SPI_ReadWriteByte" declared implicitly
  SD_SPI_ReadWriteByte(0xFF);
SDuse.c(55): warning:  #223-D: function "SD_SPI_ReadWriteByte" declared implicitly
  		while ((SD_SPI_ReadWriteByte(0XFF)!=0xFF)&&Count)Count--;//等待SD卡准备好
SDuse.c(56): error:  #20: identifier "MSD_RESPONSE_FAILURE" is undefined
  		if (Count==0) return MSD_RESPONSE_FAILURE;//SD卡未准备好，失败，返回
SDuse.c(57): warning:  #223-D: function "SD_SPI_ReadWriteByte" declared implicitly
  		SD_SPI_ReadWriteByte(cmd);//发送数据起始或停止令牌
SDuse.c(64): error:  #20: identifier "MSD_DATA_WRITE_ERROR" is undefined
  		if((t&0x1F)!=0x05)return MSD_DATA_WRITE_ERROR;//写入错误
SDuse.c(71): warning:  #1-D: last line of file ends without a newline
  * 进入参数 : cmd：命令 arg：命令参数crc：
SDuse.c(68): error:  #6: comment unclosed at end of file
  /*******************************************************************************
SDuse.c: 9 warnings, 5 errors
".\Objects\frist-project.axf" - 7 Error(s), 10 Warning(s).
Target not created.
Build Time Elapsed:  00:00:01
