<html>
<body>
<pre>
<h1>Vision Build Log</h1>
<h2>Project:</h2>
G:\公司产品资料\智能小车资料\A51_2WD\清翔电子_智能小车\5、小车程序源码\【选配】超声波舵机云台\智能小车云台避障程序\project\template.uvproj
Project File Date:  07/22/2019

<h2>Output:</h2>
Build target 'Target 1'
compiling main.c...
compiling motor.c...
compiling timer_ISR.c...
compiling Delay.c...
linking...
*** WARNING L16: UNCALLED SEGMENT, IGNORED FOR OVERLAY PROCESS
    SEGMENT: ?PR?_SMARTCARFORWARD?MOTOR
*** WARNING L16: UNCALLED SEGMENT, IGNORED FOR OVERLAY PROCESS
    SEGMENT: ?PR?_SMARTCARBACK?MOTOR
*** WARNING L16: UNCALLED SEGMENT, IGNORED FOR OVERLAY PROCESS
    SEGMENT: ?PR?_SMARTCARLEFT?MOTOR
*** WARNING L16: UNCALLED SEGMENT, IGNORED FOR OVERLAY PROCESS
    SEGMENT: ?PR?_SMARTCARLEFTTURN?MOTOR
*** WARNING L16: UNCALLED SEGMENT, IGNORED FOR OVERLAY PROCESS
    SEGMENT: ?PR?_SMARTCARRIGHT?MOTOR
*** WARNING L16: UNCALLED SEGMENT, IGNORED FOR OVERLAY PROCESS
    SEGMENT: ?PR?_SMARTCARRIGHTTURN?MOTOR
*** WARNING L16: UNCALLED SEGMENT, IGNORED FOR OVERLAY PROCESS
    SEGMENT: ?PR?SMARTCARSTOPS?MOTOR
*** WARNING L16: UNCALLED SEGMENT, IGNORED FOR OVERLAY PROCESS
    SEGMENT: ?PR?_DELAY1MS?DELAY
Program Size: data=12.0 xdata=0 code=208
creating hex file from "..\output\template"...
"..\output\template" - 0 Error(s), 8 Warning(s).
Build target 'Target 1'
compiling main.c...
compiling motor.c...
compiling timer_ISR.c...
compiling Delay.c...
compiling LCD1602.c...
compiling servo.c...
compiling app.c...
..\source\app.c(3): warning C315: unknown #directive 'incldue'
..\SOURCE\APP.C(15): warning C275: expression with possibly no effect
..\SOURCE\APP.C(16): warning C206: 'LCD1602_Dis_Str': missing function-prototype
..\SOURCE\APP.C(16): error C267: 'LCD1602_Dis_Str': requires ANSI-style prototype
compiling ultrasonic.c...
..\SOURCE\ULTRASONIC.C(41): warning C173: missing return-expression
..\SOURCE\ULTRASONIC.C(41): warning C290: missing return value
Target not created
Build target 'Target 1'
compiling app.c...
..\source\app.c(3): warning C315: unknown #directive 'incldue'
..\SOURCE\APP.C(15): warning C275: expression with possibly no effect
..\SOURCE\APP.C(16): warning C206: 'LCD1602_Dis_Str': missing function-prototype
..\SOURCE\APP.C(16): error C267: 'LCD1602_Dis_Str': requires ANSI-style prototype
Target not created
compiling main.c...
..\source\main.c - 0 Error(s), 0 Warning(s).
compiling main.c...
..\source\main.c - 0 Error(s), 0 Warning(s).
compiling main.c...
..\source\main.c - 0 Error(s), 0 Warning(s).
compiling main.c...
..\source\main.c - 0 Error(s), 0 Warning(s).
Build target 'Target 1'
compiling main.c...
compiling motor.c...
compiling timer_ISR.c...
compiling Delay.c...
compiling LCD1602.c...
compiling servo.c...
compiling ultrasonic.c...
..\SOURCE\ULTRASONIC.C(41): warning C173: missing return-expression
..\SOURCE\ULTRASONIC.C(41): warning C290: missing return value
linking...
*** WARNING L16: UNCALLED SEGMENT, IGNORED FOR OVERLAY PROCESS
    SEGMENT: ?PR?_SMARTCARFORWARD?MOTOR
*** WARNING L16: UNCALLED SEGMENT, IGNORED FOR OVERLAY PROCESS
    SEGMENT: ?PR?_SMARTCARBACK?MOTOR
*** WARNING L16: UNCALLED SEGMENT, IGNORED FOR OVERLAY PROCESS
    SEGMENT: ?PR?_SMARTCARLEFT?MOTOR
*** WARNING L16: UNCALLED SEGMENT, IGNORED FOR OVERLAY PROCESS
    SEGMENT: ?PR?_SMARTCARLEFTTURN?MOTOR
*** WARNING L16: UNCALLED SEGMENT, IGNORED FOR OVERLAY PROCESS
    SEGMENT: ?PR?_SMARTCARRIGHT?MOTOR
*** WARNING L16: UNCALLED SEGMENT, IGNORED FOR OVERLAY PROCESS
    SEGMENT: ?PR?_SMARTCARRIGHTTURN?MOTOR
*** WARNING L16: UNCALLED SEGMENT, IGNORED FOR OVERLAY PROCESS
    SEGMENT: ?PR?SMARTCARSTOPS?MOTOR
*** WARNING L16: UNCALLED SEGMENT, IGNORED FOR OVERLAY PROCESS
    SEGMENT: ?PR?TIMER1INIT?TIMER_ISR
*** WARNING L16: UNCALLED SEGMENT, IGNORED FOR OVERLAY PROCESS
    SEGMENT: ?PR?LCD1602_CLEAR_SCREEN?LCD1602
*** WARNING L16: UNCALLED SEGMENT, IGNORED FOR OVERLAY PROCESS
    SEGMENT: ?PR?LCD1602_OPEN_CURSOR?LCD1602
*** WARNING L16: UNCALLED SEGMENT, IGNORED FOR OVERLAY PROCESS
    SEGMENT: ?PR?LCD1602_CLOSE_CURSOR?LCD1602
*** WARNING L16: UNCALLED SEGMENT, IGNORED FOR OVERLAY PROCESS
    SEGMENT: ?PR?INITSERVO?SERVO
*** WARNING L16: UNCALLED SEGMENT, IGNORED FOR OVERLAY PROCESS
    SEGMENT: ?PR?ULTRASONICRANGING?ULTRASONIC
*** WARNING L1: UNRESOLVED EXTERNAL SYMBOL
    SYMBOL:  TIMER1OVERFLOW
    MODULE:  ..\output\timer_ISR.obj (TIMER_ISR)
*** WARNING L2: REFERENCE MADE TO UNRESOLVED EXTERNAL
    SYMBOL:  TIMER1OVERFLOW
    MODULE:  ..\output\timer_ISR.obj (TIMER_ISR)
    ADDRESS: 0474H
Program Size: data=24.0 xdata=0 code=1163
creating hex file from "..\output\template"...
"..\output\template" - 0 Error(s), 17 Warning(s).
Build target 'Target 1'
compiling main.c...
compiling motor.c...
compiling timer_ISR.c...
compiling Delay.c...
compiling LCD1602.c...
compiling servo.c...
compiling ultrasonic.c...
..\SOURCE\ULTRASONIC.C(41): warning C173: missing return-expression
..\SOURCE\ULTRASONIC.C(41): warning C290: missing return value
linking...
*** WARNING L16: UNCALLED SEGMENT, IGNORED FOR OVERLAY PROCESS
    SEGMENT: ?PR?_SMARTCARFORWARD?MOTOR
*** WARNING L16: UNCALLED SEGMENT, IGNORED FOR OVERLAY PROCESS
    SEGMENT: ?PR?_SMARTCARBACK?MOTOR
*** WARNING L16: UNCALLED SEGMENT, IGNORED FOR OVERLAY PROCESS
    SEGMENT: ?PR?_SMARTCARLEFT?MOTOR
*** WARNING L16: UNCALLED SEGMENT, IGNORED FOR OVERLAY PROCESS
    SEGMENT: ?PR?_SMARTCARLEFTTURN?MOTOR
*** WARNING L16: UNCALLED SEGMENT, IGNORED FOR OVERLAY PROCESS
    SEGMENT: ?PR?_SMARTCARRIGHT?MOTOR
*** WARNING L16: UNCALLED SEGMENT, IGNORED FOR OVERLAY PROCESS
    SEGMENT: ?PR?_SMARTCARRIGHTTURN?MOTOR
*** WARNING L16: UNCALLED SEGMENT, IGNORED FOR OVERLAY PROCESS
    SEGMENT: ?PR?SMARTCARSTOPS?MOTOR
*** WARNING L16: UNCALLED SEGMENT, IGNORED FOR OVERLAY PROCESS
    SEGMENT: ?PR?TIMER1INIT?TIMER_ISR
*** WARNING L16: UNCALLED SEGMENT, IGNORED FOR OVERLAY PROCESS
    SEGMENT: ?PR?LCD1602_CLEAR_SCREEN?LCD1602
*** WARNING L16: UNCALLED SEGMENT, IGNORED FOR OVERLAY PROCESS
    SEGMENT: ?PR?LCD1602_OPEN_CURSOR?LCD1602
*** WARNING L16: UNCALLED SEGMENT, IGNORED FOR OVERLAY PROCESS
    SEGMENT: ?PR?LCD1602_CLOSE_CURSOR?LCD1602
*** WARNING L16: UNCALLED SEGMENT, IGNORED FOR OVERLAY PROCESS
    SEGMENT: ?PR?INITSERVO?SERVO
*** WARNING L16: UNCALLED SEGMENT, IGNORED FOR OVERLAY PROCESS
    SEGMENT: ?PR?ULTRASONICRANGING?ULTRASONIC
*** WARNING L1: UNRESOLVED EXTERNAL SYMBOL
    SYMBOL:  TIMER1OVERFLOW
    MODULE:  ..\output\timer_ISR.obj (TIMER_ISR)
*** WARNING L2: REFERENCE MADE TO UNRESOLVED EXTERNAL
    SYMBOL:  TIMER1OVERFLOW
    MODULE:  ..\output\timer_ISR.obj (TIMER_ISR)
    ADDRESS: 0474H
Program Size: data=24.0 xdata=0 code=1163
creating hex file from "..\output\template"...
"..\output\template" - 0 Error(s), 17 Warning(s).
Build target 'Target 1'
compiling main.c...
compiling motor.c...
compiling timer_ISR.c...
compiling Delay.c...
compiling LCD1602.c...
compiling servo.c...
compiling ultrasonic.c...
..\SOURCE\ULTRASONIC.C(41): warning C173: missing return-expression
..\SOURCE\ULTRASONIC.C(41): warning C290: missing return value
linking...
*** WARNING L16: UNCALLED SEGMENT, IGNORED FOR OVERLAY PROCESS
    SEGMENT: ?PR?_SMARTCARFORWARD?MOTOR
*** WARNING L16: UNCALLED SEGMENT, IGNORED FOR OVERLAY PROCESS
    SEGMENT: ?PR?_SMARTCARBACK?MOTOR
*** WARNING L16: UNCALLED SEGMENT, IGNORED FOR OVERLAY PROCESS
    SEGMENT: ?PR?_SMARTCARLEFT?MOTOR
*** WARNING L16: UNCALLED SEGMENT, IGNORED FOR OVERLAY PROCESS
    SEGMENT: ?PR?_SMARTCARLEFTTURN?MOTOR
*** WARNING L16: UNCALLED SEGMENT, IGNORED FOR OVERLAY PROCESS
    SEGMENT: ?PR?_SMARTCARRIGHT?MOTOR
*** WARNING L16: UNCALLED SEGMENT, IGNORED FOR OVERLAY PROCESS
    SEGMENT: ?PR?_SMARTCARRIGHTTURN?MOTOR
*** WARNING L16: UNCALLED SEGMENT, IGNORED FOR OVERLAY PROCESS
    SEGMENT: ?PR?SMARTCARSTOPS?MOTOR
*** WARNING L16: UNCALLED SEGMENT, IGNORED FOR OVERLAY PROCESS
    SEGMENT: ?PR?TIMER1INIT?TIMER_ISR
*** WARNING L16: UNCALLED SEGMENT, IGNORED FOR OVERLAY PROCESS
    SEGMENT: ?PR?LCD1602_CLEAR_SCREEN?LCD1602
*** WARNING L16: UNCALLED SEGMENT, IGNORED FOR OVERLAY PROCESS
    SEGMENT: ?PR?LCD1602_OPEN_CURSOR?LCD1602
*** WARNING L16: UNCALLED SEGMENT, IGNORED FOR OVERLAY PROCESS
    SEGMENT: ?PR?LCD1602_CLOSE_CURSOR?LCD1602
*** WARNING L16: UNCALLED SEGMENT, IGNORED FOR OVERLAY PROCESS
    SEGMENT: ?PR?INITSERVO?SERVO
*** WARNING L16: UNCALLED SEGMENT, IGNORED FOR OVERLAY PROCESS
    SEGMENT: ?PR?ULTRASONICRANGING?ULTRASONIC
*** WARNING L1: UNRESOLVED EXTERNAL SYMBOL
    SYMBOL:  TIMER1OVERFLOW
    MODULE:  ..\output\timer_ISR.obj (TIMER_ISR)
*** WARNING L2: REFERENCE MADE TO UNRESOLVED EXTERNAL
    SYMBOL:  TIMER1OVERFLOW
    MODULE:  ..\output\timer_ISR.obj (TIMER_ISR)
    ADDRESS: 0474H
Program Size: data=24.0 xdata=0 code=1163
creating hex file from "..\output\template"...
"..\output\template" - 0 Error(s), 17 Warning(s).
compiling app.c...
..\source\app.c(3): warning C315: unknown #directive 'incldue'
..\SOURCE\APP.C(23): warning C275: expression with possibly no effect
..\SOURCE\APP.C(24): warning C206: 'LCD1602_Dis_Str': missing function-prototype
..\SOURCE\APP.C(24): error C267: 'LCD1602_Dis_Str': requires ANSI-style prototype
..\source\app.c - 1 Error(s), 3 Warning(s).
compiling app.c...
..\SOURCE\APP.C(23): warning C275: expression with possibly no effect
..\SOURCE\APP.C(34): error C214: illegal pointer conversion
..\source\app.c - 1 Error(s), 1 Warning(s).
compiling app.c...
..\SOURCE\APP.C(34): error C214: illegal pointer conversion
..\source\app.c - 1 Error(s), 0 Warning(s).
Build target 'Target 1'
compiling main.c...
compiling motor.c...
compiling timer_ISR.c...
compiling Delay.c...
compiling LCD1602.c...
compiling servo.c...
compiling ultrasonic.c...
..\SOURCE\ULTRASONIC.C(41): warning C173: missing return-expression
..\SOURCE\ULTRASONIC.C(41): warning C290: missing return value
compiling app.c...
linking...
*** WARNING L16: UNCALLED SEGMENT, IGNORED FOR OVERLAY PROCESS
    SEGMENT: ?PR?_SMARTCARFORWARD?MOTOR
*** WARNING L16: UNCALLED SEGMENT, IGNORED FOR OVERLAY PROCESS
    SEGMENT: ?PR?_SMARTCARBACK?MOTOR
*** WARNING L16: UNCALLED SEGMENT, IGNORED FOR OVERLAY PROCESS
    SEGMENT: ?PR?_SMARTCARLEFT?MOTOR
*** WARNING L16: UNCALLED SEGMENT, IGNORED FOR OVERLAY PROCESS
    SEGMENT: ?PR?_SMARTCARLEFTTURN?MOTOR
*** WARNING L16: UNCALLED SEGMENT, IGNORED FOR OVERLAY PROCESS
    SEGMENT: ?PR?_SMARTCARRIGHT?MOTOR
*** WARNING L16: UNCALLED SEGMENT, IGNORED FOR OVERLAY PROCESS
    SEGMENT: ?PR?_SMARTCARRIGHTTURN?MOTOR
*** WARNING L16: UNCALLED SEGMENT, IGNORED FOR OVERLAY PROCESS
    SEGMENT: ?PR?SMARTCARSTOPS?MOTOR
*** WARNING L16: UNCALLED SEGMENT, IGNORED FOR OVERLAY PROCESS
    SEGMENT: ?PR?TIMER1INIT?TIMER_ISR
*** WARNING L16: UNCALLED SEGMENT, IGNORED FOR OVERLAY PROCESS
    SEGMENT: ?PR?LCD1602_CLEAR_SCREEN?LCD1602
*** WARNING L16: UNCALLED SEGMENT, IGNORED FOR OVERLAY PROCESS
    SEGMENT: ?PR?LCD1602_OPEN_CURSOR?LCD1602
*** WARNING L16: UNCALLED SEGMENT, IGNORED FOR OVERLAY PROCESS
    SEGMENT: ?PR?LCD1602_CLOSE_CURSOR?LCD1602
*** WARNING L16: UNCALLED SEGMENT, IGNORED FOR OVERLAY PROCESS
    SEGMENT: ?PR?INITSERVO?SERVO
*** WARNING L16: UNCALLED SEGMENT, IGNORED FOR OVERLAY PROCESS
    SEGMENT: ?PR?ULTRASONICRANGING?ULTRASONIC
*** WARNING L16: UNCALLED SEGMENT, IGNORED FOR OVERLAY PROCESS
    SEGMENT: ?PR?_DISPDISTANCE?APP
Program Size: data=32.1 xdata=0 code=1799
creating hex file from "..\output\template"...
"..\output\template" - 0 Error(s), 16 Warning(s).
compiling app.c...
..\source\app.c - 0 Error(s), 0 Warning(s).
compiling main.c...
..\source\main.c - 0 Error(s), 0 Warning(s).
Build target 'Target 1'
compiling main.c...
compiling motor.c...
compiling timer_ISR.c...
compiling Delay.c...
compiling LCD1602.c...
compiling servo.c...
compiling ultrasonic.c...
..\SOURCE\ULTRASONIC.C(41): warning C173: missing return-expression
..\SOURCE\ULTRASONIC.C(41): warning C290: missing return value
compiling app.c...
linking...
*** WARNING L16: UNCALLED SEGMENT, IGNORED FOR OVERLAY PROCESS
    SEGMENT: ?PR?_SMARTCARFORWARD?MOTOR
*** WARNING L16: UNCALLED SEGMENT, IGNORED FOR OVERLAY PROCESS
    SEGMENT: ?PR?_SMARTCARBACK?MOTOR
*** WARNING L16: UNCALLED SEGMENT, IGNORED FOR OVERLAY PROCESS
    SEGMENT: ?PR?_SMARTCARLEFT?MOTOR
*** WARNING L16: UNCALLED SEGMENT, IGNORED FOR OVERLAY PROCESS
    SEGMENT: ?PR?_SMARTCARLEFTTURN?MOTOR
*** WARNING L16: UNCALLED SEGMENT, IGNORED FOR OVERLAY PROCESS
    SEGMENT: ?PR?_SMARTCARRIGHT?MOTOR
*** WARNING L16: UNCALLED SEGMENT, IGNORED FOR OVERLAY PROCESS
    SEGMENT: ?PR?_SMARTCARRIGHTTURN?MOTOR
*** WARNING L16: UNCALLED SEGMENT, IGNORED FOR OVERLAY PROCESS
    SEGMENT: ?PR?SMARTCARSTOPS?MOTOR
*** WARNING L16: UNCALLED SEGMENT, IGNORED FOR OVERLAY PROCESS
    SEGMENT: ?PR?TIMER1INIT?TIMER_ISR
*** WARNING L16: UNCALLED SEGMENT, IGNORED FOR OVERLAY PROCESS
    SEGMENT: ?PR?LCD1602_CLEAR_SCREEN?LCD1602
*** WARNING L16: UNCALLED SEGMENT, IGNORED FOR OVERLAY PROCESS
    SEGMENT: ?PR?LCD1602_OPEN_CURSOR?LCD1602
*** WARNING L16: UNCALLED SEGMENT, IGNORED FOR OVERLAY PROCESS
    SEGMENT: ?PR?LCD1602_CLOSE_CURSOR?LCD1602
*** WARNING L16: UNCALLED SEGMENT, IGNORED FOR OVERLAY PROCESS
    SEGMENT: ?PR?INITSERVO?SERVO
Program Size: data=26.1 xdata=0 code=1774
creating hex file from "..\output\template"...
"..\output\template" - 0 Error(s), 14 Warning(s).
Build target 'Target 1'
compiling main.c...
compiling motor.c...
compiling timer_ISR.c...
compiling Delay.c...
compiling LCD1602.c...
compiling servo.c...
compiling ultrasonic.c...
..\SOURCE\ULTRASONIC.C(41): warning C173: missing return-expression
..\SOURCE\ULTRASONIC.C(41): warning C290: missing return value
compiling app.c...
linking...
*** WARNING L16: UNCALLED SEGMENT, IGNORED FOR OVERLAY PROCESS
    SEGMENT: ?PR?_SMARTCARFORWARD?MOTOR
*** WARNING L16: UNCALLED SEGMENT, IGNORED FOR OVERLAY PROCESS
    SEGMENT: ?PR?_SMARTCARBACK?MOTOR
*** WARNING L16: UNCALLED SEGMENT, IGNORED FOR OVERLAY PROCESS
    SEGMENT: ?PR?_SMARTCARLEFT?MOTOR
*** WARNING L16: UNCALLED SEGMENT, IGNORED FOR OVERLAY PROCESS
    SEGMENT: ?PR?_SMARTCARLEFTTURN?MOTOR
*** WARNING L16: UNCALLED SEGMENT, IGNORED FOR OVERLAY PROCESS
    SEGMENT: ?PR?_SMARTCARRIGHT?MOTOR
*** WARNING L16: UNCALLED SEGMENT, IGNORED FOR OVERLAY PROCESS
    SEGMENT: ?PR?_SMARTCARRIGHTTURN?MOTOR
*** WARNING L16: UNCALLED SEGMENT, IGNORED FOR OVERLAY PROCESS
    SEGMENT: ?PR?SMARTCARSTOPS?MOTOR
*** WARNING L16: UNCALLED SEGMENT, IGNORED FOR OVERLAY PROCESS
    SEGMENT: ?PR?TIMER1INIT?TIMER_ISR
*** WARNING L16: UNCALLED SEGMENT, IGNORED FOR OVERLAY PROCESS
    SEGMENT: ?PR?LCD1602_CLEAR_SCREEN?LCD1602
*** WARNING L16: UNCALLED SEGMENT, IGNORED FOR OVERLAY PROCESS
    SEGMENT: ?PR?LCD1602_OPEN_CURSOR?LCD1602
*** WARNING L16: UNCALLED SEGMENT, IGNORED FOR OVERLAY PROCESS
    SEGMENT: ?PR?LCD1602_CLOSE_CURSOR?LCD1602
*** WARNING L16: UNCALLED SEGMENT, IGNORED FOR OVERLAY PROCESS
    SEGMENT: ?PR?INITSERVO?SERVO
Program Size: data=26.1 xdata=0 code=1774
creating hex file from "..\output\template"...
"..\output\template" - 0 Error(s), 14 Warning(s).
Build target 'Target 1'
compiling main.c...
compiling motor.c...
compiling timer_ISR.c...
compiling Delay.c...
compiling LCD1602.c...
compiling servo.c...
compiling ultrasonic.c...
compiling app.c...
linking...
*** WARNING L16: UNCALLED SEGMENT, IGNORED FOR OVERLAY PROCESS
    SEGMENT: ?PR?_SMARTCARFORWARD?MOTOR
*** WARNING L16: UNCALLED SEGMENT, IGNORED FOR OVERLAY PROCESS
    SEGMENT: ?PR?_SMARTCARBACK?MOTOR
*** WARNING L16: UNCALLED SEGMENT, IGNORED FOR OVERLAY PROCESS
    SEGMENT: ?PR?_SMARTCARLEFT?MOTOR
*** WARNING L16: UNCALLED SEGMENT, IGNORED FOR OVERLAY PROCESS
    SEGMENT: ?PR?_SMARTCARLEFTTURN?MOTOR
*** WARNING L16: UNCALLED SEGMENT, IGNORED FOR OVERLAY PROCESS
    SEGMENT: ?PR?_SMARTCARRIGHT?MOTOR
*** WARNING L16: UNCALLED SEGMENT, IGNORED FOR OVERLAY PROCESS
    SEGMENT: ?PR?_SMARTCARRIGHTTURN?MOTOR
*** WARNING L16: UNCALLED SEGMENT, IGNORED FOR OVERLAY PROCESS
    SEGMENT: ?PR?SMARTCARSTOPS?MOTOR
*** WARNING L16: UNCALLED SEGMENT, IGNORED FOR OVERLAY PROCESS
    SEGMENT: ?PR?TIMER1INIT?TIMER_ISR
*** WARNING L16: UNCALLED SEGMENT, IGNORED FOR OVERLAY PROCESS
    SEGMENT: ?PR?LCD1602_CLEAR_SCREEN?LCD1602
*** WARNING L16: UNCALLED SEGMENT, IGNORED FOR OVERLAY PROCESS
    SEGMENT: ?PR?LCD1602_OPEN_CURSOR?LCD1602
*** WARNING L16: UNCALLED SEGMENT, IGNORED FOR OVERLAY PROCESS
    SEGMENT: ?PR?LCD1602_CLOSE_CURSOR?LCD1602
*** WARNING L16: UNCALLED SEGMENT, IGNORED FOR OVERLAY PROCESS
    SEGMENT: ?PR?INITSERVO?SERVO
Program Size: data=26.1 xdata=0 code=1769
creating hex file from "..\output\template"...
"..\output\template" - 0 Error(s), 12 Warning(s).
Build target 'Target 1'
compiling main.c...
compiling motor.c...
compiling timer_ISR.c...
compiling Delay.c...
compiling LCD1602.c...
compiling servo.c...
compiling ultrasonic.c...
compiling app.c...
linking...
*** WARNING L16: UNCALLED SEGMENT, IGNORED FOR OVERLAY PROCESS
    SEGMENT: ?PR?_SMARTCARFORWARD?MOTOR
*** WARNING L16: UNCALLED SEGMENT, IGNORED FOR OVERLAY PROCESS
    SEGMENT: ?PR?_SMARTCARBACK?MOTOR
*** WARNING L16: UNCALLED SEGMENT, IGNORED FOR OVERLAY PROCESS
    SEGMENT: ?PR?_SMARTCARLEFT?MOTOR
*** WARNING L16: UNCALLED SEGMENT, IGNORED FOR OVERLAY PROCESS
    SEGMENT: ?PR?_SMARTCARLEFTTURN?MOTOR
*** WARNING L16: UNCALLED SEGMENT, IGNORED FOR OVERLAY PROCESS
    SEGMENT: ?PR?_SMARTCARRIGHT?MOTOR
*** WARNING L16: UNCALLED SEGMENT, IGNORED FOR OVERLAY PROCESS
    SEGMENT: ?PR?_SMARTCARRIGHTTURN?MOTOR
*** WARNING L16: UNCALLED SEGMENT, IGNORED FOR OVERLAY PROCESS
    SEGMENT: ?PR?SMARTCARSTOPS?MOTOR
*** WARNING L16: UNCALLED SEGMENT, IGNORED FOR OVERLAY PROCESS
    SEGMENT: ?PR?TIMER1INIT?TIMER_ISR
*** WARNING L16: UNCALLED SEGMENT, IGNORED FOR OVERLAY PROCESS
    SEGMENT: ?PR?LCD1602_CLEAR_SCREEN?LCD1602
*** WARNING L16: UNCALLED SEGMENT, IGNORED FOR OVERLAY PROCESS
    SEGMENT: ?PR?LCD1602_OPEN_CURSOR?LCD1602
*** WARNING L16: UNCALLED SEGMENT, IGNORED FOR OVERLAY PROCESS
    SEGMENT: ?PR?LCD1602_CLOSE_CURSOR?LCD1602
*** WARNING L16: UNCALLED SEGMENT, IGNORED FOR OVERLAY PROCESS
    SEGMENT: ?PR?INITSERVO?SERVO
Program Size: data=26.1 xdata=0 code=1769
creating hex file from "..\output\template"...
"..\output\template" - 0 Error(s), 12 Warning(s).
Build target 'Target 1'
compiling main.c...
compiling motor.c...
compiling timer_ISR.c...
compiling Delay.c...
compiling LCD1602.c...
compiling servo.c...
compiling ultrasonic.c...
compiling app.c...
linking...
*** WARNING L16: UNCALLED SEGMENT, IGNORED FOR OVERLAY PROCESS
    SEGMENT: ?PR?_SMARTCARFORWARD?MOTOR
*** WARNING L16: UNCALLED SEGMENT, IGNORED FOR OVERLAY PROCESS
    SEGMENT: ?PR?_SMARTCARBACK?MOTOR
*** WARNING L16: UNCALLED SEGMENT, IGNORED FOR OVERLAY PROCESS
    SEGMENT: ?PR?_SMARTCARLEFT?MOTOR
*** WARNING L16: UNCALLED SEGMENT, IGNORED FOR OVERLAY PROCESS
    SEGMENT: ?PR?_SMARTCARLEFTTURN?MOTOR
*** WARNING L16: UNCALLED SEGMENT, IGNORED FOR OVERLAY PROCESS
    SEGMENT: ?PR?_SMARTCARRIGHT?MOTOR
*** WARNING L16: UNCALLED SEGMENT, IGNORED FOR OVERLAY PROCESS
    SEGMENT: ?PR?_SMARTCARRIGHTTURN?MOTOR
*** WARNING L16: UNCALLED SEGMENT, IGNORED FOR OVERLAY PROCESS
    SEGMENT: ?PR?SMARTCARSTOPS?MOTOR
*** WARNING L16: UNCALLED SEGMENT, IGNORED FOR OVERLAY PROCESS
    SEGMENT: ?PR?TIMER1INIT?TIMER_ISR
*** WARNING L16: UNCALLED SEGMENT, IGNORED FOR OVERLAY PROCESS
    SEGMENT: ?PR?LCD1602_CLEAR_SCREEN?LCD1602
*** WARNING L16: UNCALLED SEGMENT, IGNORED FOR OVERLAY PROCESS
    SEGMENT: ?PR?LCD1602_OPEN_CURSOR?LCD1602
*** WARNING L16: UNCALLED SEGMENT, IGNORED FOR OVERLAY PROCESS
    SEGMENT: ?PR?LCD1602_CLOSE_CURSOR?LCD1602
*** WARNING L16: UNCALLED SEGMENT, IGNORED FOR OVERLAY PROCESS
    SEGMENT: ?PR?INITSERVO?SERVO
Program Size: data=26.1 xdata=0 code=1769
creating hex file from "..\output\template"...
"..\output\template" - 0 Error(s), 12 Warning(s).
Build target 'Target 1'
compiling main.c...
compiling motor.c...
compiling timer_ISR.c...
compiling Delay.c...
compiling LCD1602.c...
compiling servo.c...
compiling ultrasonic.c...
compiling app.c...
linking...
*** WARNING L16: UNCALLED SEGMENT, IGNORED FOR OVERLAY PROCESS
    SEGMENT: ?PR?_SMARTCARFORWARD?MOTOR
*** WARNING L16: UNCALLED SEGMENT, IGNORED FOR OVERLAY PROCESS
    SEGMENT: ?PR?_SMARTCARBACK?MOTOR
*** WARNING L16: UNCALLED SEGMENT, IGNORED FOR OVERLAY PROCESS
    SEGMENT: ?PR?_SMARTCARLEFT?MOTOR
*** WARNING L16: UNCALLED SEGMENT, IGNORED FOR OVERLAY PROCESS
    SEGMENT: ?PR?_SMARTCARLEFTTURN?MOTOR
*** WARNING L16: UNCALLED SEGMENT, IGNORED FOR OVERLAY PROCESS
    SEGMENT: ?PR?_SMARTCARRIGHT?MOTOR
*** WARNING L16: UNCALLED SEGMENT, IGNORED FOR OVERLAY PROCESS
    SEGMENT: ?PR?_SMARTCARRIGHTTURN?MOTOR
*** WARNING L16: UNCALLED SEGMENT, IGNORED FOR OVERLAY PROCESS
    SEGMENT: ?PR?SMARTCARSTOPS?MOTOR
*** WARNING L16: UNCALLED SEGMENT, IGNORED FOR OVERLAY PROCESS
    SEGMENT: ?PR?LCD1602_CLEAR_SCREEN?LCD1602
*** WARNING L16: UNCALLED SEGMENT, IGNORED FOR OVERLAY PROCESS
    SEGMENT: ?PR?LCD1602_OPEN_CURSOR?LCD1602
*** WARNING L16: UNCALLED SEGMENT, IGNORED FOR OVERLAY PROCESS
    SEGMENT: ?PR?LCD1602_CLOSE_CURSOR?LCD1602
*** WARNING L16: UNCALLED SEGMENT, IGNORED FOR OVERLAY PROCESS
    SEGMENT: ?PR?INITSERVO?SERVO
Program Size: data=26.1 xdata=0 code=1772
creating hex file from "..\output\template"...
"..\output\template" - 0 Error(s), 11 Warning(s).
Build target 'Target 1'
compiling main.c...
compiling motor.c...
compiling timer_ISR.c...
compiling Delay.c...
compiling LCD1602.c...
compiling servo.c...
compiling ultrasonic.c...
compiling app.c...
linking...
*** WARNING L16: UNCALLED SEGMENT, IGNORED FOR OVERLAY PROCESS
    SEGMENT: ?PR?_SMARTCARFORWARD?MOTOR
*** WARNING L16: UNCALLED SEGMENT, IGNORED FOR OVERLAY PROCESS
    SEGMENT: ?PR?_SMARTCARBACK?MOTOR
*** WARNING L16: UNCALLED SEGMENT, IGNORED FOR OVERLAY PROCESS
    SEGMENT: ?PR?_SMARTCARLEFT?MOTOR
*** WARNING L16: UNCALLED SEGMENT, IGNORED FOR OVERLAY PROCESS
    SEGMENT: ?PR?_SMARTCARLEFTTURN?MOTOR
*** WARNING L16: UNCALLED SEGMENT, IGNORED FOR OVERLAY PROCESS
    SEGMENT: ?PR?_SMARTCARRIGHT?MOTOR
*** WARNING L16: UNCALLED SEGMENT, IGNORED FOR OVERLAY PROCESS
    SEGMENT: ?PR?_SMARTCARRIGHTTURN?MOTOR
*** WARNING L16: UNCALLED SEGMENT, IGNORED FOR OVERLAY PROCESS
    SEGMENT: ?PR?SMARTCARSTOPS?MOTOR
*** WARNING L16: UNCALLED SEGMENT, IGNORED FOR OVERLAY PROCESS
    SEGMENT: ?PR?LCD1602_CLEAR_SCREEN?LCD1602
*** WARNING L16: UNCALLED SEGMENT, IGNORED FOR OVERLAY PROCESS
    SEGMENT: ?PR?LCD1602_OPEN_CURSOR?LCD1602
*** WARNING L16: UNCALLED SEGMENT, IGNORED FOR OVERLAY PROCESS
    SEGMENT: ?PR?LCD1602_CLOSE_CURSOR?LCD1602
*** WARNING L16: UNCALLED SEGMENT, IGNORED FOR OVERLAY PROCESS
    SEGMENT: ?PR?INITSERVO?SERVO
Program Size: data=26.1 xdata=0 code=1772
creating hex file from "..\output\template"...
"..\output\template" - 0 Error(s), 11 Warning(s).
Build target 'Target 1'
compiling main.c...
compiling motor.c...
compiling timer_ISR.c...
compiling Delay.c...
compiling LCD1602.c...
compiling servo.c...
compiling ultrasonic.c...
compiling app.c...
linking...
*** WARNING L16: UNCALLED SEGMENT, IGNORED FOR OVERLAY PROCESS
    SEGMENT: ?PR?_SMARTCARFORWARD?MOTOR
*** WARNING L16: UNCALLED SEGMENT, IGNORED FOR OVERLAY PROCESS
    SEGMENT: ?PR?_SMARTCARBACK?MOTOR
*** WARNING L16: UNCALLED SEGMENT, IGNORED FOR OVERLAY PROCESS
    SEGMENT: ?PR?_SMARTCARLEFT?MOTOR
*** WARNING L16: UNCALLED SEGMENT, IGNORED FOR OVERLAY PROCESS
    SEGMENT: ?PR?_SMARTCARLEFTTURN?MOTOR
*** WARNING L16: UNCALLED SEGMENT, IGNORED FOR OVERLAY PROCESS
    SEGMENT: ?PR?_SMARTCARRIGHT?MOTOR
*** WARNING L16: UNCALLED SEGMENT, IGNORED FOR OVERLAY PROCESS
    SEGMENT: ?PR?_SMARTCARRIGHTTURN?MOTOR
*** WARNING L16: UNCALLED SEGMENT, IGNORED FOR OVERLAY PROCESS
    SEGMENT: ?PR?SMARTCARSTOPS?MOTOR
*** WARNING L16: UNCALLED SEGMENT, IGNORED FOR OVERLAY PROCESS
    SEGMENT: ?PR?LCD1602_CLEAR_SCREEN?LCD1602
*** WARNING L16: UNCALLED SEGMENT, IGNORED FOR OVERLAY PROCESS
    SEGMENT: ?PR?LCD1602_OPEN_CURSOR?LCD1602
*** WARNING L16: UNCALLED SEGMENT, IGNORED FOR OVERLAY PROCESS
    SEGMENT: ?PR?LCD1602_CLOSE_CURSOR?LCD1602
*** WARNING L16: UNCALLED SEGMENT, IGNORED FOR OVERLAY PROCESS
    SEGMENT: ?PR?INITSERVO?SERVO
Program Size: data=26.1 xdata=0 code=1772
creating hex file from "..\output\template"...
"..\output\template" - 0 Error(s), 11 Warning(s).
Build target 'Target 1'
compiling main.c...
compiling motor.c...
compiling timer_ISR.c...
compiling Delay.c...
compiling LCD1602.c...
compiling servo.c...
compiling ultrasonic.c...
compiling app.c...
linking...
*** WARNING L16: UNCALLED SEGMENT, IGNORED FOR OVERLAY PROCESS
    SEGMENT: ?PR?_SMARTCARFORWARD?MOTOR
*** WARNING L16: UNCALLED SEGMENT, IGNORED FOR OVERLAY PROCESS
    SEGMENT: ?PR?_SMARTCARBACK?MOTOR
*** WARNING L16: UNCALLED SEGMENT, IGNORED FOR OVERLAY PROCESS
    SEGMENT: ?PR?_SMARTCARLEFT?MOTOR
*** WARNING L16: UNCALLED SEGMENT, IGNORED FOR OVERLAY PROCESS
    SEGMENT: ?PR?_SMARTCARLEFTTURN?MOTOR
*** WARNING L16: UNCALLED SEGMENT, IGNORED FOR OVERLAY PROCESS
    SEGMENT: ?PR?_SMARTCARRIGHT?MOTOR
*** WARNING L16: UNCALLED SEGMENT, IGNORED FOR OVERLAY PROCESS
    SEGMENT: ?PR?_SMARTCARRIGHTTURN?MOTOR
*** WARNING L16: UNCALLED SEGMENT, IGNORED FOR OVERLAY PROCESS
    SEGMENT: ?PR?SMARTCARSTOPS?MOTOR
*** WARNING L16: UNCALLED SEGMENT, IGNORED FOR OVERLAY PROCESS
    SEGMENT: ?PR?LCD1602_CLEAR_SCREEN?LCD1602
*** WARNING L16: UNCALLED SEGMENT, IGNORED FOR OVERLAY PROCESS
    SEGMENT: ?PR?LCD1602_OPEN_CURSOR?LCD1602
*** WARNING L16: UNCALLED SEGMENT, IGNORED FOR OVERLAY PROCESS
    SEGMENT: ?PR?LCD1602_CLOSE_CURSOR?LCD1602
*** WARNING L16: UNCALLED SEGMENT, IGNORED FOR OVERLAY PROCESS
    SEGMENT: ?PR?INITSERVO?SERVO
Program Size: data=26.1 xdata=0 code=1772
creating hex file from "..\output\template"...
"..\output\template" - 0 Error(s), 11 Warning(s).
Build target 'Target 1'
compiling main.c...
compiling motor.c...
compiling timer_ISR.c...
compiling Delay.c...
compiling LCD1602.c...
compiling servo.c...
compiling ultrasonic.c...
compiling app.c...
..\SOURCE\APP.C(80): warning C182: pointer to different objects
..\SOURCE\APP.C(93): error C202: 'unit': undefined identifier
..\SOURCE\APP.C(93): error C141: syntax error near 'Dis'
..\SOURCE\APP.C(94): error C202: 'Dis': undefined identifier
..\SOURCE\APP.C(95): error C202: 'Dis': undefined identifier
..\SOURCE\APP.C(126): error C202: 'Dist': undefined identifier
..\SOURCE\APP.C(126): error C141: syntax error near '='
..\SOURCE\APP.C(127): error C202: 'Dist': undefined identifier
Target not created
Build target 'Target 1'
compiling main.c...
compiling motor.c...
compiling timer_ISR.c...
compiling Delay.c...
compiling LCD1602.c...
compiling servo.c...
compiling ultrasonic.c...
compiling app.c...
..\SOURCE\APP.C(80): warning C182: pointer to different objects
..\SOURCE\APP.C(126): error C202: 'Dist': undefined identifier
..\SOURCE\APP.C(126): error C141: syntax error near '='
..\SOURCE\APP.C(127): error C202: 'Dist': undefined identifier
Target not created
compiling app.c...
..\SOURCE\APP.C(80): warning C182: pointer to different objects
..\SOURCE\APP.C(126): error C202: 'Dist': undefined identifier
..\SOURCE\APP.C(126): error C141: syntax error near '='
..\SOURCE\APP.C(127): error C202: 'Dist': undefined identifier
..\source\app.c - 3 Error(s), 1 Warning(s).
Build target 'Target 1'
compiling main.c...
compiling motor.c...
compiling timer_ISR.c...
compiling Delay.c...
compiling LCD1602.c...
compiling servo.c...
compiling ultrasonic.c...
compiling app.c...
..\SOURCE\APP.C(48): warning C235: parameter 1: different types
..\SOURCE\APP.C(48): warning C235: parameter 2: different types
..\SOURCE\APP.C(126): error C202: 'Dist': undefined identifier
..\SOURCE\APP.C(126): error C141: syntax error near '='
..\SOURCE\APP.C(127): error C202: 'Dist': undefined identifier
Target not created
Build target 'Target 1'
compiling main.c...
compiling motor.c...
compiling timer_ISR.c...
compiling Delay.c...
compiling LCD1602.c...
compiling servo.c...
compiling ultrasonic.c...
compiling app.c...
..\SOURCE\APP.C(48): warning C235: parameter 2: different types
..\SOURCE\APP.C(126): error C202: 'Dist': undefined identifier
..\SOURCE\APP.C(126): error C141: syntax error near '='
..\SOURCE\APP.C(127): error C202: 'Dist': undefined identifier
Target not created
compiling app.c...
..\SOURCE\APP.C(47): warning C235: parameter 2: different types
..\SOURCE\APP.C(125): error C202: 'Dist': undefined identifier
..\SOURCE\APP.C(125): error C141: syntax error near '='
..\SOURCE\APP.C(126): error C202: 'Dist': undefined identifier
..\source\app.c - 3 Error(s), 1 Warning(s).
compiling app.c...
..\SOURCE\APP.C(47): warning C235: parameter 2: different types
..\SOURCE\APP.C(137): warning C206: 'SmartCarFront': missing function-prototype
..\SOURCE\APP.C(137): error C267: 'SmartCarFront': requires ANSI-style prototype
..\source\app.c - 1 Error(s), 2 Warning(s).
compiling app.c...
..\SOURCE\APP.C(47): warning C235: parameter 2: different types
..\SOURCE\APP.C(137): warning C206: 'SmartCarFront': missing function-prototype
..\SOURCE\APP.C(137): error C267: 'SmartCarFront': requires ANSI-style prototype
..\source\app.c - 1 Error(s), 2 Warning(s).
compiling app.c...
..\SOURCE\APP.C(47): warning C235: parameter 2: different types
..\source\app.c - 0 Error(s), 1 Warning(s).
compiling app.c...
..\source\app.c - 0 Error(s), 0 Warning(s).
Build target 'Target 1'
compiling main.c...
compiling motor.c...
compiling timer_ISR.c...
compiling Delay.c...
compiling LCD1602.c...
compiling servo.c...
compiling ultrasonic.c...
compiling app.c...
linking...
*** WARNING L16: UNCALLED SEGMENT, IGNORED FOR OVERLAY PROCESS
    SEGMENT: ?PR?_SMARTCARBACK?MOTOR
*** WARNING L16: UNCALLED SEGMENT, IGNORED FOR OVERLAY PROCESS
    SEGMENT: ?PR?_SMARTCARLEFT?MOTOR
*** WARNING L16: UNCALLED SEGMENT, IGNORED FOR OVERLAY PROCESS
    SEGMENT: ?PR?_SMARTCARRIGHT?MOTOR
*** WARNING L16: UNCALLED SEGMENT, IGNORED FOR OVERLAY PROCESS
    SEGMENT: ?PR?LCD1602_CLEAR_SCREEN?LCD1602
*** WARNING L16: UNCALLED SEGMENT, IGNORED FOR OVERLAY PROCESS
    SEGMENT: ?PR?LCD1602_OPEN_CURSOR?LCD1602
*** WARNING L16: UNCALLED SEGMENT, IGNORED FOR OVERLAY PROCESS
    SEGMENT: ?PR?LCD1602_CLOSE_CURSOR?LCD1602
*** WARNING L16: UNCALLED SEGMENT, IGNORED FOR OVERLAY PROCESS
    SEGMENT: ?PR?INITSERVO?SERVO
Program Size: data=46.1 xdata=0 code=2195
creating hex file from "..\output\template"...
"..\output\template" - 0 Error(s), 7 Warning(s).
Build target 'Target 1'
compiling main.c...
..\SOURCE\MAIN.C(32): warning C206: 'InitServo': missing function-prototype
compiling motor.c...
compiling timer_ISR.c...
compiling Delay.c...
compiling LCD1602.c...
compiling servo.c...
compiling ultrasonic.c...
compiling app.c...
linking...
*** WARNING L16: UNCALLED SEGMENT, IGNORED FOR OVERLAY PROCESS
    SEGMENT: ?PR?_SMARTCARBACK?MOTOR
*** WARNING L16: UNCALLED SEGMENT, IGNORED FOR OVERLAY PROCESS
    SEGMENT: ?PR?_SMARTCARLEFT?MOTOR
*** WARNING L16: UNCALLED SEGMENT, IGNORED FOR OVERLAY PROCESS
    SEGMENT: ?PR?_SMARTCARRIGHT?MOTOR
*** WARNING L16: UNCALLED SEGMENT, IGNORED FOR OVERLAY PROCESS
    SEGMENT: ?PR?LCD1602_CLEAR_SCREEN?LCD1602
*** WARNING L16: UNCALLED SEGMENT, IGNORED FOR OVERLAY PROCESS
    SEGMENT: ?PR?LCD1602_OPEN_CURSOR?LCD1602
*** WARNING L16: UNCALLED SEGMENT, IGNORED FOR OVERLAY PROCESS
    SEGMENT: ?PR?LCD1602_CLOSE_CURSOR?LCD1602
Program Size: data=46.1 xdata=0 code=2198
creating hex file from "..\output\template"...
"..\output\template" - 0 Error(s), 7 Warning(s).
Build target 'Target 1'
compiling main.c...
..\SOURCE\MAIN.C(32): warning C206: 'InitServo': missing function-prototype
compiling motor.c...
compiling timer_ISR.c...
compiling Delay.c...
compiling LCD1602.c...
compiling servo.c...
compiling ultrasonic.c...
compiling app.c...
linking...
*** WARNING L16: UNCALLED SEGMENT, IGNORED FOR OVERLAY PROCESS
    SEGMENT: ?PR?_SMARTCARBACK?MOTOR
*** WARNING L16: UNCALLED SEGMENT, IGNORED FOR OVERLAY PROCESS
    SEGMENT: ?PR?_SMARTCARLEFT?MOTOR
*** WARNING L16: UNCALLED SEGMENT, IGNORED FOR OVERLAY PROCESS
    SEGMENT: ?PR?_SMARTCARRIGHT?MOTOR
*** WARNING L16: UNCALLED SEGMENT, IGNORED FOR OVERLAY PROCESS
    SEGMENT: ?PR?LCD1602_CLEAR_SCREEN?LCD1602
*** WARNING L16: UNCALLED SEGMENT, IGNORED FOR OVERLAY PROCESS
    SEGMENT: ?PR?LCD1602_OPEN_CURSOR?LCD1602
*** WARNING L16: UNCALLED SEGMENT, IGNORED FOR OVERLAY PROCESS
    SEGMENT: ?PR?LCD1602_CLOSE_CURSOR?LCD1602
Program Size: data=46.1 xdata=0 code=2198
creating hex file from "..\output\template"...
"..\output\template" - 0 Error(s), 7 Warning(s).
Build target 'Target 1'
compiling main.c...
compiling motor.c...
compiling timer_ISR.c...
compiling Delay.c...
compiling LCD1602.c...
compiling servo.c...
compiling ultrasonic.c...
compiling app.c...
linking...
*** WARNING L16: UNCALLED SEGMENT, IGNORED FOR OVERLAY PROCESS
    SEGMENT: ?PR?_SMARTCARBACK?MOTOR
*** WARNING L16: UNCALLED SEGMENT, IGNORED FOR OVERLAY PROCESS
    SEGMENT: ?PR?_SMARTCARLEFT?MOTOR
*** WARNING L16: UNCALLED SEGMENT, IGNORED FOR OVERLAY PROCESS
    SEGMENT: ?PR?_SMARTCARRIGHT?MOTOR
*** WARNING L16: UNCALLED SEGMENT, IGNORED FOR OVERLAY PROCESS
    SEGMENT: ?PR?LCD1602_CLEAR_SCREEN?LCD1602
*** WARNING L16: UNCALLED SEGMENT, IGNORED FOR OVERLAY PROCESS
    SEGMENT: ?PR?LCD1602_OPEN_CURSOR?LCD1602
*** WARNING L16: UNCALLED SEGMENT, IGNORED FOR OVERLAY PROCESS
    SEGMENT: ?PR?LCD1602_CLOSE_CURSOR?LCD1602
Program Size: data=46.1 xdata=0 code=2198
creating hex file from "..\output\template"...
"..\output\template" - 0 Error(s), 6 Warning(s).
Build target 'Target 1'
compiling main.c...
compiling motor.c...
compiling timer_ISR.c...
compiling Delay.c...
compiling LCD1602.c...
compiling servo.c...
compiling ultrasonic.c...
compiling app.c...
linking...
*** WARNING L16: UNCALLED SEGMENT, IGNORED FOR OVERLAY PROCESS
    SEGMENT: ?PR?_SMARTCARBACK?MOTOR
*** WARNING L16: UNCALLED SEGMENT, IGNORED FOR OVERLAY PROCESS
    SEGMENT: ?PR?_SMARTCARLEFT?MOTOR
*** WARNING L16: UNCALLED SEGMENT, IGNORED FOR OVERLAY PROCESS
    SEGMENT: ?PR?_SMARTCARRIGHT?MOTOR
Program Size: data=46.1 xdata=0 code=2183
creating hex file from "..\output\template"...
"..\output\template" - 0 Error(s), 3 Warning(s).
Build target 'Target 1'
compiling main.c...
compiling motor.c...
compiling timer_ISR.c...
compiling Delay.c...
compiling LCD1602.c...
compiling servo.c...
compiling ultrasonic.c...
compiling app.c...
linking...
*** WARNING L16: UNCALLED SEGMENT, IGNORED FOR OVERLAY PROCESS
    SEGMENT: ?PR?_SMARTCARLEFT?MOTOR
*** WARNING L16: UNCALLED SEGMENT, IGNORED FOR OVERLAY PROCESS
    SEGMENT: ?PR?_SMARTCARRIGHT?MOTOR
Program Size: data=46.1 xdata=0 code=2170
creating hex file from "..\output\template"...
"..\output\template" - 0 Error(s), 2 Warning(s).
Build target 'Target 1'
compiling main.c...
compiling motor.c...
compiling timer_ISR.c...
compiling Delay.c...
compiling LCD1602.c...
compiling servo.c...
compiling ultrasonic.c...
compiling app.c...
linking...
*** WARNING L16: UNCALLED SEGMENT, IGNORED FOR OVERLAY PROCESS
    SEGMENT: ?PR?_SMARTCARLEFT?MOTOR
*** WARNING L16: UNCALLED SEGMENT, IGNORED FOR OVERLAY PROCESS
    SEGMENT: ?PR?_SMARTCARRIGHT?MOTOR
Program Size: data=46.1 xdata=0 code=2170
creating hex file from "..\output\template"...
"..\output\template" - 0 Error(s), 2 Warning(s).
Build target 'Target 1'
compiling main.c...
compiling motor.c...
compiling timer_ISR.c...
compiling Delay.c...
compiling LCD1602.c...
compiling servo.c...
compiling ultrasonic.c...
compiling app.c...
linking...
*** WARNING L16: UNCALLED SEGMENT, IGNORED FOR OVERLAY PROCESS
    SEGMENT: ?PR?_SMARTCARLEFT?MOTOR
*** WARNING L16: UNCALLED SEGMENT, IGNORED FOR OVERLAY PROCESS
    SEGMENT: ?PR?_SMARTCARRIGHT?MOTOR
Program Size: data=46.1 xdata=0 code=2170
creating hex file from "..\output\template"...
"..\output\template" - 0 Error(s), 2 Warning(s).
Build target 'Target 1'
compiling main.c...
..\SOURCE\MAIN.C(27): warning C280: 'distance': unreferenced local variable
compiling motor.c...
compiling timer_ISR.c...
compiling Delay.c...
compiling LCD1602.c...
compiling servo.c...
compiling ultrasonic.c...
compiling app.c...
linking...
*** WARNING L16: UNCALLED SEGMENT, IGNORED FOR OVERLAY PROCESS
    SEGMENT: ?PR?_SMARTCARLEFT?MOTOR
*** WARNING L16: UNCALLED SEGMENT, IGNORED FOR OVERLAY PROCESS
    SEGMENT: ?PR?_SMARTCARRIGHT?MOTOR
Program Size: data=46.1 xdata=0 code=2239
creating hex file from "..\output\template"...
"..\output\template" - 0 Error(s), 3 Warning(s).
Build target 'Target 1'
compiling main.c...
..\SOURCE\MAIN.C(27): warning C280: 'distance': unreferenced local variable
compiling motor.c...
compiling timer_ISR.c...
compiling Delay.c...
compiling LCD1602.c...
compiling servo.c...
compiling ultrasonic.c...
compiling app.c...
linking...
*** WARNING L16: UNCALLED SEGMENT, IGNORED FOR OVERLAY PROCESS
    SEGMENT: ?PR?_SMARTCARLEFT?MOTOR
*** WARNING L16: UNCALLED SEGMENT, IGNORED FOR OVERLAY PROCESS
    SEGMENT: ?PR?_SMARTCARRIGHT?MOTOR
*** WARNING L16: UNCALLED SEGMENT, IGNORED FOR OVERLAY PROCESS
    SEGMENT: ?PR?PTZ_AVOID?APP
Program Size: data=56.1 xdata=0 code=2320
creating hex file from "..\output\template"...
"..\output\template" - 0 Error(s), 4 Warning(s).
Build target 'Target 1'
compiling main.c...
compiling motor.c...
compiling timer_ISR.c...
compiling Delay.c...
compiling LCD1602.c...
compiling servo.c...
compiling ultrasonic.c...
compiling app.c...
linking...
*** WARNING L16: UNCALLED SEGMENT, IGNORED FOR OVERLAY PROCESS
    SEGMENT: ?PR?_SMARTCARLEFT?MOTOR
*** WARNING L16: UNCALLED SEGMENT, IGNORED FOR OVERLAY PROCESS
    SEGMENT: ?PR?_SMARTCARRIGHT?MOTOR
*** WARNING L16: UNCALLED SEGMENT, IGNORED FOR OVERLAY PROCESS
    SEGMENT: ?PR?PTZ_AVOID?APP
Program Size: data=54.1 xdata=0 code=2320
creating hex file from "..\output\template"...
"..\output\template" - 0 Error(s), 3 Warning(s).
Build target 'Target 1'
compiling main.c...
compiling motor.c...
compiling timer_ISR.c...
compiling Delay.c...
compiling LCD1602.c...
compiling servo.c...
compiling ultrasonic.c...
compiling app.c...
linking...
*** WARNING L16: UNCALLED SEGMENT, IGNORED FOR OVERLAY PROCESS
    SEGMENT: ?PR?_SMARTCARLEFT?MOTOR
*** WARNING L16: UNCALLED SEGMENT, IGNORED FOR OVERLAY PROCESS
    SEGMENT: ?PR?_SMARTCARRIGHT?MOTOR
*** WARNING L16: UNCALLED SEGMENT, IGNORED FOR OVERLAY PROCESS
    SEGMENT: ?PR?PTZ_AVOID?APP
Program Size: data=56.1 xdata=0 code=2321
creating hex file from "..\output\template"...
"..\output\template" - 0 Error(s), 3 Warning(s).
Build target 'Target 1'
compiling main.c...
compiling motor.c...
compiling timer_ISR.c...
compiling Delay.c...
compiling LCD1602.c...
compiling servo.c...
compiling ultrasonic.c...
compiling app.c...
linking...
*** WARNING L16: UNCALLED SEGMENT, IGNORED FOR OVERLAY PROCESS
    SEGMENT: ?PR?_SMARTCARLEFT?MOTOR
*** WARNING L16: UNCALLED SEGMENT, IGNORED FOR OVERLAY PROCESS
    SEGMENT: ?PR?_SMARTCARRIGHT?MOTOR
*** WARNING L16: UNCALLED SEGMENT, IGNORED FOR OVERLAY PROCESS
    SEGMENT: ?PR?PTZ_AVOID?APP
Program Size: data=56.1 xdata=0 code=2314
creating hex file from "..\output\template"...
"..\output\template" - 0 Error(s), 3 Warning(s).
Build target 'Target 1'
compiling main.c...
compiling motor.c...
compiling timer_ISR.c...
compiling Delay.c...
compiling LCD1602.c...
compiling servo.c...
compiling ultrasonic.c...
compiling app.c...
linking...
*** WARNING L16: UNCALLED SEGMENT, IGNORED FOR OVERLAY PROCESS
    SEGMENT: ?PR?_SMARTCARLEFT?MOTOR
*** WARNING L16: UNCALLED SEGMENT, IGNORED FOR OVERLAY PROCESS
    SEGMENT: ?PR?_SMARTCARRIGHT?MOTOR
*** WARNING L16: UNCALLED SEGMENT, IGNORED FOR OVERLAY PROCESS
    SEGMENT: ?PR?PTZ_AVOID?APP
Program Size: data=54.1 xdata=0 code=2320
creating hex file from "..\output\template"...
"..\output\template" - 0 Error(s), 3 Warning(s).
Build target 'Target 1'
compiling main.c...
compiling motor.c...
compiling timer_ISR.c...
compiling Delay.c...
compiling LCD1602.c...
compiling servo.c...
compiling ultrasonic.c...
compiling app.c...
linking...
*** WARNING L16: UNCALLED SEGMENT, IGNORED FOR OVERLAY PROCESS
    SEGMENT: ?PR?_SMARTCARLEFT?MOTOR
*** WARNING L16: UNCALLED SEGMENT, IGNORED FOR OVERLAY PROCESS
    SEGMENT: ?PR?_SMARTCARRIGHT?MOTOR
*** WARNING L16: UNCALLED SEGMENT, IGNORED FOR OVERLAY PROCESS
    SEGMENT: ?PR?PTZ_AVOID?APP
Program Size: data=54.1 xdata=0 code=2329
creating hex file from "..\output\template"...
"..\output\template" - 0 Error(s), 3 Warning(s).
Build target 'Target 1'
compiling main.c...
compiling motor.c...
compiling timer_ISR.c...
compiling Delay.c...
compiling LCD1602.c...
compiling servo.c...
compiling ultrasonic.c...
compiling app.c...
linking...
*** WARNING L16: UNCALLED SEGMENT, IGNORED FOR OVERLAY PROCESS
    SEGMENT: ?PR?_SMARTCARLEFT?MOTOR
*** WARNING L16: UNCALLED SEGMENT, IGNORED FOR OVERLAY PROCESS
    SEGMENT: ?PR?_SMARTCARRIGHT?MOTOR
*** WARNING L16: UNCALLED SEGMENT, IGNORED FOR OVERLAY PROCESS
    SEGMENT: ?PR?PTZ_AVOID?APP
Program Size: data=54.1 xdata=0 code=2329
creating hex file from "..\output\template"...
"..\output\template" - 0 Error(s), 3 Warning(s).
Build target 'Target 1'
compiling main.c...
compiling motor.c...
compiling timer_ISR.c...
compiling Delay.c...
compiling LCD1602.c...
compiling servo.c...
compiling ultrasonic.c...
compiling app.c...
linking...
*** WARNING L16: UNCALLED SEGMENT, IGNORED FOR OVERLAY PROCESS
    SEGMENT: ?PR?_SMARTCARLEFT?MOTOR
*** WARNING L16: UNCALLED SEGMENT, IGNORED FOR OVERLAY PROCESS
    SEGMENT: ?PR?_SMARTCARRIGHT?MOTOR
*** WARNING L16: UNCALLED SEGMENT, IGNORED FOR OVERLAY PROCESS
    SEGMENT: ?PR?PTZ_AVOID?APP
Program Size: data=54.1 xdata=0 code=2323
creating hex file from "..\output\template"...
"..\output\template" - 0 Error(s), 3 Warning(s).
Build target 'Target 1'
compiling main.c...
compiling motor.c...
compiling timer_ISR.c...
compiling Delay.c...
compiling LCD1602.c...
compiling servo.c...
compiling ultrasonic.c...
compiling app.c...
linking...
*** WARNING L16: UNCALLED SEGMENT, IGNORED FOR OVERLAY PROCESS
    SEGMENT: ?PR?_SMARTCARLEFT?MOTOR
*** WARNING L16: UNCALLED SEGMENT, IGNORED FOR OVERLAY PROCESS
    SEGMENT: ?PR?_SMARTCARRIGHT?MOTOR
*** WARNING L16: UNCALLED SEGMENT, IGNORED FOR OVERLAY PROCESS
    SEGMENT: ?PR?PTZ_AVOID?APP
Program Size: data=55.1 xdata=0 code=2317
creating hex file from "..\output\template"...
"..\output\template" - 0 Error(s), 3 Warning(s).
Build target 'Target 1'
compiling main.c...
..\SOURCE\MAIN.C(32): warning C206: 'InitServo': missing function-prototype
compiling motor.c...
compiling timer_ISR.c...
compiling Delay.c...
compiling LCD1602.c...
compiling ultrasonic.c...
compiling app.c...
compiling servo.c...
..\SOURCE\SERVO.C(20): warning C206: 'delay': missing function-prototype
..\SOURCE\SERVO.C(20): error C267: 'delay': requires ANSI-style prototype
Target not created
Build target 'Target 1'
compiling main.c...
..\SOURCE\MAIN.C(32): warning C206: 'InitServo': missing function-prototype
compiling motor.c...
compiling timer_ISR.c...
compiling Delay.c...
compiling LCD1602.c...
compiling ultrasonic.c...
compiling app.c...
compiling servo.c...
..\SOURCE\SERVO.C(20): warning C206: 'delay': missing function-prototype
..\SOURCE\SERVO.C(20): error C267: 'delay': requires ANSI-style prototype
Target not created
Build target 'Target 1'
compiling main.c...
compiling motor.c...
compiling timer_ISR.c...
compiling Delay.c...
compiling LCD1602.c...
compiling ultrasonic.c...
compiling app.c...
compiling servo.c...
..\SOURCE\SERVO.C(20): warning C206: 'delay': missing function-prototype
..\SOURCE\SERVO.C(20): error C267: 'delay': requires ANSI-style prototype
Target not created
Build target 'Target 1'
compiling main.c...
compiling motor.c...
compiling timer_ISR.c...
compiling Delay.c...
compiling LCD1602.c...
compiling ultrasonic.c...
compiling app.c...
compiling servo.c...
linking...
*** WARNING L16: UNCALLED SEGMENT, IGNORED FOR OVERLAY PROCESS
    SEGMENT: ?PR?_SMARTCARLEFT?MOTOR
*** WARNING L16: UNCALLED SEGMENT, IGNORED FOR OVERLAY PROCESS
    SEGMENT: ?PR?_SMARTCARRIGHT?MOTOR
*** WARNING L16: UNCALLED SEGMENT, IGNORED FOR OVERLAY PROCESS
    SEGMENT: ?PR?PTZ_AVOID?APP
Program Size: data=55.1 xdata=0 code=2314
creating hex file from "..\output\template"...
"..\output\template" - 0 Error(s), 3 Warning(s).
Build target 'Target 1'
compiling main.c...
compiling motor.c...
compiling timer_ISR.c...
compiling Delay.c...
compiling LCD1602.c...
compiling ultrasonic.c...
compiling app.c...
compiling servo.c...
linking...
*** WARNING L16: UNCALLED SEGMENT, IGNORED FOR OVERLAY PROCESS
    SEGMENT: ?PR?_SMARTCARLEFT?MOTOR
*** WARNING L16: UNCALLED SEGMENT, IGNORED FOR OVERLAY PROCESS
    SEGMENT: ?PR?_SMARTCARRIGHT?MOTOR
Program Size: data=44.1 xdata=0 code=2314
creating hex file from "..\output\template"...
"..\output\template" - 0 Error(s), 2 Warning(s).
Build target 'Target 1'
compiling main.c...
compiling motor.c...
compiling timer_ISR.c...
compiling Delay.c...
compiling LCD1602.c...
compiling ultrasonic.c...
compiling app.c...
compiling servo.c...
linking...
*** WARNING L16: UNCALLED SEGMENT, IGNORED FOR OVERLAY PROCESS
    SEGMENT: ?PR?_SMARTCARLEFT?MOTOR
*** WARNING L16: UNCALLED SEGMENT, IGNORED FOR OVERLAY PROCESS
    SEGMENT: ?PR?_SMARTCARRIGHT?MOTOR
*** WARNING L16: UNCALLED SEGMENT, IGNORED FOR OVERLAY PROCESS
    SEGMENT: ?PR?PTZ_AVOID?APP
Program Size: data=56.1 xdata=0 code=2318
creating hex file from "..\output\template"...
"..\output\template" - 0 Error(s), 3 Warning(s).
Build target 'Target 1'
compiling main.c...
compiling motor.c...
compiling timer_ISR.c...
compiling Delay.c...
compiling LCD1602.c...
compiling ultrasonic.c...
compiling app.c...
compiling servo.c...
linking...
*** WARNING L16: UNCALLED SEGMENT, IGNORED FOR OVERLAY PROCESS
    SEGMENT: ?PR?_SMARTCARLEFT?MOTOR
*** WARNING L16: UNCALLED SEGMENT, IGNORED FOR OVERLAY PROCESS
    SEGMENT: ?PR?_SMARTCARRIGHT?MOTOR
*** WARNING L16: UNCALLED SEGMENT, IGNORED FOR OVERLAY PROCESS
    SEGMENT: ?PR?PTZ_AVOID?APP
Program Size: data=56.1 xdata=0 code=2321
creating hex file from "..\output\template"...
"..\output\template" - 0 Error(s), 3 Warning(s).
Build target 'Target 1'
compiling main.c...
compiling motor.c...
compiling timer_ISR.c...
compiling Delay.c...
compiling LCD1602.c...
compiling ultrasonic.c...
compiling app.c...
compiling servo.c...
linking...
*** WARNING L16: UNCALLED SEGMENT, IGNORED FOR OVERLAY PROCESS
    SEGMENT: ?PR?_SMARTCARLEFT?MOTOR
*** WARNING L16: UNCALLED SEGMENT, IGNORED FOR OVERLAY PROCESS
    SEGMENT: ?PR?_SMARTCARRIGHT?MOTOR
*** WARNING L16: UNCALLED SEGMENT, IGNORED FOR OVERLAY PROCESS
    SEGMENT: ?PR?PTZ_AVOID?APP
Program Size: data=56.1 xdata=0 code=2315
creating hex file from "..\output\template"...
"..\output\template" - 0 Error(s), 3 Warning(s).
Build target 'Target 1'
compiling main.c...
compiling motor.c...
compiling timer_ISR.c...
compiling Delay.c...
compiling LCD1602.c...
compiling ultrasonic.c...
compiling app.c...
compiling servo.c...
linking...
*** WARNING L16: UNCALLED SEGMENT, IGNORED FOR OVERLAY PROCESS
    SEGMENT: ?PR?_SMARTCARLEFT?MOTOR
*** WARNING L16: UNCALLED SEGMENT, IGNORED FOR OVERLAY PROCESS
    SEGMENT: ?PR?_SMARTCARRIGHT?MOTOR
*** WARNING L16: UNCALLED SEGMENT, IGNORED FOR OVERLAY PROCESS
    SEGMENT: ?PR?PTZ_AVOID?APP
Program Size: data=56.1 xdata=0 code=2307
creating hex file from "..\output\template"...
"..\output\template" - 0 Error(s), 3 Warning(s).
Build target 'Target 1'
compiling main.c...
compiling motor.c...
compiling timer_ISR.c...
compiling Delay.c...
compiling LCD1602.c...
compiling ultrasonic.c...
compiling app.c...
compiling servo.c...
linking...
*** WARNING L16: UNCALLED SEGMENT, IGNORED FOR OVERLAY PROCESS
    SEGMENT: ?PR?_SMARTCARLEFT?MOTOR
*** WARNING L16: UNCALLED SEGMENT, IGNORED FOR OVERLAY PROCESS
    SEGMENT: ?PR?_SMARTCARRIGHT?MOTOR
Program Size: data=44.1 xdata=0 code=2310
creating hex file from "..\output\template"...
"..\output\template" - 0 Error(s), 2 Warning(s).
Build target 'Target 1'
compiling main.c...
compiling motor.c...
compiling timer_ISR.c...
compiling Delay.c...
compiling LCD1602.c...
compiling ultrasonic.c...
compiling app.c...
compiling servo.c...
linking...
*** WARNING L16: UNCALLED SEGMENT, IGNORED FOR OVERLAY PROCESS
    SEGMENT: ?PR?_SMARTCARLEFT?MOTOR
*** WARNING L16: UNCALLED SEGMENT, IGNORED FOR OVERLAY PROCESS
    SEGMENT: ?PR?_SMARTCARRIGHT?MOTOR
Program Size: data=44.1 xdata=0 code=2310
creating hex file from "..\output\template"...
"..\output\template" - 0 Error(s), 2 Warning(s).
Build target 'Target 1'
compiling main.c...
compiling motor.c...
compiling timer_ISR.c...
compiling Delay.c...
compiling LCD1602.c...
compiling ultrasonic.c...
compiling app.c...
compiling servo.c...
linking...
*** WARNING L16: UNCALLED SEGMENT, IGNORED FOR OVERLAY PROCESS
    SEGMENT: ?PR?PTZ_AVOID?APP
Program Size: data=56.1 xdata=0 code=2334
creating hex file from "..\output\template"...
"..\output\template" - 0 Error(s), 1 Warning(s).
Build target 'Target 1'
compiling main.c...
compiling motor.c...
compiling timer_ISR.c...
compiling Delay.c...
compiling LCD1602.c...
compiling ultrasonic.c...
compiling app.c...
compiling servo.c...
linking...
*** WARNING L16: UNCALLED SEGMENT, IGNORED FOR OVERLAY PROCESS
    SEGMENT: ?PR?INTREGINIT?TIMER_ISR
*** WARNING L16: UNCALLED SEGMENT, IGNORED FOR OVERLAY PROCESS
    SEGMENT: ?PR?TIMER0INIT?TIMER_ISR
*** WARNING L16: UNCALLED SEGMENT, IGNORED FOR OVERLAY PROCESS
    SEGMENT: ?PR?TIMER1INIT?TIMER_ISR
*** WARNING L16: UNCALLED SEGMENT, IGNORED FOR OVERLAY PROCESS
    SEGMENT: ?PR?INIT_LCD1602?LCD1602
*** WARNING L16: UNCALLED SEGMENT, IGNORED FOR OVERLAY PROCESS
    SEGMENT: ?PR?PTZ_AVOID?APP
Program Size: data=58.1 xdata=0 code=2336
creating hex file from "..\output\template"...
"..\output\template" - 0 Error(s), 5 Warning(s).
Build target 'Target 1'
compiling main.c...
compiling motor.c...
compiling timer_ISR.c...
compiling Delay.c...
compiling LCD1602.c...
compiling ultrasonic.c...
compiling app.c...
compiling servo.c...
linking...
*** WARNING L16: UNCALLED SEGMENT, IGNORED FOR OVERLAY PROCESS
    SEGMENT: ?PR?INTREGINIT?TIMER_ISR
*** WARNING L16: UNCALLED SEGMENT, IGNORED FOR OVERLAY PROCESS
    SEGMENT: ?PR?TIMER0INIT?TIMER_ISR
*** WARNING L16: UNCALLED SEGMENT, IGNORED FOR OVERLAY PROCESS
    SEGMENT: ?PR?TIMER1INIT?TIMER_ISR
*** WARNING L16: UNCALLED SEGMENT, IGNORED FOR OVERLAY PROCESS
    SEGMENT: ?PR?INIT_LCD1602?LCD1602
*** WARNING L16: UNCALLED SEGMENT, IGNORED FOR OVERLAY PROCESS
    SEGMENT: ?PR?PTZ_AVOID?APP
Program Size: data=58.1 xdata=0 code=2363
creating hex file from "..\output\template"...
"..\output\template" - 0 Error(s), 5 Warning(s).
Build target 'Target 1'
compiling main.c...
compiling motor.c...
compiling timer_ISR.c...
compiling Delay.c...
compiling LCD1602.c...
compiling ultrasonic.c...
compiling app.c...
compiling servo.c...
linking...
*** WARNING L16: UNCALLED SEGMENT, IGNORED FOR OVERLAY PROCESS
    SEGMENT: ?PR?INTREGINIT?TIMER_ISR
*** WARNING L16: UNCALLED SEGMENT, IGNORED FOR OVERLAY PROCESS
    SEGMENT: ?PR?TIMER0INIT?TIMER_ISR
*** WARNING L16: UNCALLED SEGMENT, IGNORED FOR OVERLAY PROCESS
    SEGMENT: ?PR?TIMER1INIT?TIMER_ISR
*** WARNING L16: UNCALLED SEGMENT, IGNORED FOR OVERLAY PROCESS
    SEGMENT: ?PR?INIT_LCD1602?LCD1602
*** WARNING L16: UNCALLED SEGMENT, IGNORED FOR OVERLAY PROCESS
    SEGMENT: ?PR?PTZ_AVOID?APP
Program Size: data=58.1 xdata=0 code=2363
creating hex file from "..\output\template"...
"..\output\template" - 0 Error(s), 5 Warning(s).
Build target 'Target 1'
compiling main.c...
compiling motor.c...
compiling timer_ISR.c...
compiling Delay.c...
compiling LCD1602.c...
compiling ultrasonic.c...
compiling app.c...
compiling servo.c...
linking...
*** WARNING L16: UNCALLED SEGMENT, IGNORED FOR OVERLAY PROCESS
    SEGMENT: ?PR?INTREGINIT?TIMER_ISR
*** WARNING L16: UNCALLED SEGMENT, IGNORED FOR OVERLAY PROCESS
    SEGMENT: ?PR?TIMER0INIT?TIMER_ISR
*** WARNING L16: UNCALLED SEGMENT, IGNORED FOR OVERLAY PROCESS
    SEGMENT: ?PR?TIMER1INIT?TIMER_ISR
*** WARNING L16: UNCALLED SEGMENT, IGNORED FOR OVERLAY PROCESS
    SEGMENT: ?PR?INIT_LCD1602?LCD1602
*** WARNING L16: UNCALLED SEGMENT, IGNORED FOR OVERLAY PROCESS
    SEGMENT: ?PR?PTZ_AVOID?APP
Program Size: data=58.1 xdata=0 code=2363
creating hex file from "..\output\template"...
"..\output\template" - 0 Error(s), 5 Warning(s).
Build target 'Target 1'
compiling main.c...
compiling motor.c...
compiling timer_ISR.c...
compiling Delay.c...
compiling LCD1602.c...
compiling ultrasonic.c...
compiling app.c...
compiling servo.c...
linking...
Program Size: data=44.1 xdata=0 code=2350
creating hex file from "..\output\template"...
"..\output\template" - 0 Error(s), 0 Warning(s).
Build target 'Target 1'
compiling main.c...
compiling motor.c...
compiling timer_ISR.c...
compiling Delay.c...
compiling LCD1602.c...
compiling ultrasonic.c...
compiling app.c...
compiling servo.c...
linking...
Program Size: data=44.1 xdata=0 code=2350
creating hex file from "..\output\template"...
"..\output\template" - 0 Error(s), 0 Warning(s).
Build target 'Target 1'
compiling main.c...
compiling motor.c...
compiling timer_ISR.c...
compiling Delay.c...
compiling LCD1602.c...
compiling ultrasonic.c...
compiling app.c...
compiling servo.c...
linking...
Program Size: data=44.1 xdata=0 code=2350
creating hex file from "..\output\template"...
"..\output\template" - 0 Error(s), 0 Warning(s).
Build target 'Target 1'
compiling main.c...
compiling motor.c...
compiling timer_ISR.c...
compiling Delay.c...
compiling LCD1602.c...
compiling ultrasonic.c...
compiling app.c...
compiling servo.c...
linking...
Program Size: data=44.1 xdata=0 code=2350
creating hex file from "..\output\template"...
"..\output\template" - 0 Error(s), 0 Warning(s).
Build target 'Target 1'
compiling main.c...
compiling motor.c...
compiling timer_ISR.c...
compiling Delay.c...
compiling LCD1602.c...
compiling ultrasonic.c...
compiling app.c...
compiling servo.c...
linking...
Program Size: data=44.1 xdata=0 code=2350
creating hex file from "..\output\template"...
"..\output\template" - 0 Error(s), 0 Warning(s).
